2025-03-09 23:45:45,507 - INFO - [file_monitor.py:321] - Started file monitoring in: C:\Users\aakas\Downloads
2025-03-09 23:45:45,507 - INFO - [file_monitor.py:322] - Monitoring configuration:
2025-03-09 23:45:45,508 - INFO - [file_monitor.py:323] - - Path: C:\Users\aakas\Downloads
2025-03-09 23:45:45,509 - INFO - [file_monitor.py:324] - - Monitoring for all file types
2025-03-09 23:45:45,509 - INFO - [file_monitor.py:325] - - Detailed logging enabled
2025-03-09 23:46:05,438 - INFO - [file_monitor.py:277] - New file detected: C:\Users\aakas\Downloads\3cbae76a-25a4-437d-8d14-5f203d297e37.tmp
2025-03-09 23:46:05,439 - INFO - [file_monitor.py:281] - Monitoring temporary file: C:\Users\aakas\Downloads\3cbae76a-25a4-437d-8d14-5f203d297e37.tmp
2025-03-09 23:46:07,893 - INFO - [file_monitor.py:277] - New file detected: C:\Users\aakas\Downloads\premium_photo-1675714692342-01dfd2e6b6b5.jpeg
2025-03-09 23:46:07,893 - INFO - [file_monitor.py:286] - Added to pending files: premium_photo-1675714692342-01dfd2e6b6b5.jpeg
2025-03-09 23:46:08,523 - INFO - [file_monitor.py:58] - Initial size for premium_photo-1675714692342-01dfd2e6b6b5.jpeg: 0.32 MB
2025-03-09 23:46:09,526 - INFO - [file_monitor.py:127] - Stability progress for premium_photo-1675714692342-01dfd2e6b6b5.jpeg: 1/3
2025-03-09 23:46:10,529 - INFO - [file_monitor.py:127] - Stability progress for premium_photo-1675714692342-01dfd2e6b6b5.jpeg: 2/3
2025-03-09 23:46:11,532 - INFO - [file_monitor.py:127] - Stability progress for premium_photo-1675714692342-01dfd2e6b6b5.jpeg: 3/3
2025-03-09 23:46:11,533 - INFO - [file_monitor.py:139] - File premium_photo-1675714692342-01dfd2e6b6b5.jpeg is ready for processing:
Final Size: 0.32 MB
Total Checks: 4
Time Taken: 3.0 seconds
2025-03-09 23:46:11,534 - INFO - [file_monitor.py:266] - File ready for processing: C:\Users\aakas\Downloads\premium_photo-1675714692342-01dfd2e6b6b5.jpeg
2025-03-09 23:46:11,535 - INFO - [file_monitor.py:204] - Starting to process file: premium_photo-1675714692342-01dfd2e6b6b5.jpeg
2025-03-09 23:46:11,537 - INFO - [file_monitor.py:215] - Successfully verified file access: premium_photo-1675714692342-01dfd2e6b6b5.jpeg
2025-03-09 23:46:11,538 - INFO - [file_monitor.py:221] - Generating checksum for: premium_photo-1675714692342-01dfd2e6b6b5.jpeg
2025-03-09 23:46:11,606 - INFO - [file_monitor.py:243] - Successfully added to database: C:\Users\aakas\Downloads\premium_photo-1675714692342-01dfd2e6b6b5.jpeg
2025-03-09 23:46:11,608 - INFO - [file_monitor.py:193] - Removed premium_photo-1675714692342-01dfd2e6b6b5.jpeg from tracking
2025-03-09 23:46:11,608 - INFO - [file_monitor.py:254] - Completed processing for: premium_photo-1675714692342-01dfd2e6b6b5.jpeg
2025-03-09 23:46:22,617 - INFO - [file_monitor.py:277] - New file detected: C:\Users\aakas\Downloads\3b2c5974-44f0-4e7e-a8ef-45d929ab7032.tmp
2025-03-09 23:46:22,619 - INFO - [file_monitor.py:281] - Monitoring temporary file: C:\Users\aakas\Downloads\3b2c5974-44f0-4e7e-a8ef-45d929ab7032.tmp
2025-03-09 23:46:24,521 - INFO - [file_monitor.py:277] - New file detected: C:\Users\aakas\Downloads\premium_photo-1675714692342-01dfd2e6b6b5 (1).jpeg
2025-03-09 23:46:24,522 - INFO - [file_monitor.py:286] - Added to pending files: premium_photo-1675714692342-01dfd2e6b6b5 (1).jpeg
2025-03-09 23:46:24,617 - INFO - [file_monitor.py:261] - Pending file no longer exists: C:\Users\aakas\Downloads\premium_photo-1675714692342-01dfd2e6b6b5 (1).jpeg
2025-03-09 23:46:24,620 - INFO - [file_monitor.py:254] - Completed processing for: premium_photo-1675714692342-01dfd2e6b6b5 (1).jpeg
2025-03-09 23:46:41,539 - INFO - [file_monitor.py:277] - New file detected: C:\Users\aakas\Downloads\000ffbb7-931d-4946-8bf1-fa7e28a2530d.tmp
2025-03-09 23:46:41,542 - INFO - [file_monitor.py:281] - Monitoring temporary file: C:\Users\aakas\Downloads\000ffbb7-931d-4946-8bf1-fa7e28a2530d.tmp
2025-03-09 23:46:43,853 - INFO - [file_monitor.py:277] - New file detected: C:\Users\aakas\Downloads\premium_photo-1675714692342-01dfd2e6b6b5 (2).jpeg
2025-03-09 23:46:43,854 - INFO - [file_monitor.py:286] - Added to pending files: premium_photo-1675714692342-01dfd2e6b6b5 (2).jpeg
2025-03-09 23:46:44,636 - INFO - [file_monitor.py:58] - Initial size for premium_photo-1675714692342-01dfd2e6b6b5 (2).jpeg: 0.32 MB
2025-03-09 23:46:45,640 - INFO - [file_monitor.py:127] - Stability progress for premium_photo-1675714692342-01dfd2e6b6b5 (2).jpeg: 1/3
2025-03-09 23:46:46,642 - INFO - [file_monitor.py:127] - Stability progress for premium_photo-1675714692342-01dfd2e6b6b5 (2).jpeg: 2/3
2025-03-09 23:46:47,644 - INFO - [file_monitor.py:127] - Stability progress for premium_photo-1675714692342-01dfd2e6b6b5 (2).jpeg: 3/3
2025-03-09 23:46:47,645 - INFO - [file_monitor.py:139] - File premium_photo-1675714692342-01dfd2e6b6b5 (2).jpeg is ready for processing:
Final Size: 0.32 MB
Total Checks: 4
Time Taken: 3.0 seconds
2025-03-09 23:46:47,648 - INFO - [file_monitor.py:266] - File ready for processing: C:\Users\aakas\Downloads\premium_photo-1675714692342-01dfd2e6b6b5 (2).jpeg
2025-03-09 23:46:47,649 - INFO - [file_monitor.py:204] - Starting to process file: premium_photo-1675714692342-01dfd2e6b6b5 (2).jpeg
2025-03-09 23:46:47,650 - INFO - [file_monitor.py:215] - Successfully verified file access: premium_photo-1675714692342-01dfd2e6b6b5 (2).jpeg
2025-03-09 23:46:47,651 - INFO - [file_monitor.py:221] - Generating checksum for: premium_photo-1675714692342-01dfd2e6b6b5 (2).jpeg
2025-03-09 23:46:47,668 - INFO - [file_monitor.py:231] - Duplicate file detected: C:\Users\aakas\Downloads\premium_photo-1675714692342-01dfd2e6b6b5 (2).jpeg
2025-03-09 23:46:55,574 - INFO - [file_monitor.py:296] - User chose to delete duplicate file: C:\Users\aakas\Downloads\premium_photo-1675714692342-01dfd2e6b6b5 (2).jpeg
2025-03-09 23:46:55,617 - INFO - [file_monitor.py:193] - Removed premium_photo-1675714692342-01dfd2e6b6b5 (2).jpeg from tracking
2025-03-09 23:46:55,620 - INFO - [file_monitor.py:254] - Completed processing for: premium_photo-1675714692342-01dfd2e6b6b5 (2).jpeg
2025-03-09 23:47:23,220 - INFO - [file_monitor.py:277] - New file detected: C:\Users\aakas\Downloads\a639f6ef-9d36-454b-8c5e-622b0572dd21.tmp
2025-03-09 23:47:23,221 - INFO - [file_monitor.py:281] - Monitoring temporary file: C:\Users\aakas\Downloads\a639f6ef-9d36-454b-8c5e-622b0572dd21.tmp
2025-03-09 23:47:27,119 - INFO - [file_monitor.py:277] - New file detected: C:\Users\aakas\Downloads\premium_photo-1675714692342-01dfd2e6b6b5 (1).jpeg
2025-03-09 23:47:27,120 - INFO - [file_monitor.py:286] - Added to pending files: premium_photo-1675714692342-01dfd2e6b6b5 (1).jpeg
2025-03-09 23:47:27,636 - INFO - [file_monitor.py:58] - Initial size for premium_photo-1675714692342-01dfd2e6b6b5 (1).jpeg: 0.32 MB
2025-03-09 23:47:28,638 - INFO - [file_monitor.py:127] - Stability progress for premium_photo-1675714692342-01dfd2e6b6b5 (1).jpeg: 1/3
2025-03-09 23:47:29,642 - INFO - [file_monitor.py:127] - Stability progress for premium_photo-1675714692342-01dfd2e6b6b5 (1).jpeg: 2/3
2025-03-09 23:47:30,644 - INFO - [file_monitor.py:127] - Stability progress for premium_photo-1675714692342-01dfd2e6b6b5 (1).jpeg: 3/3
2025-03-09 23:47:30,645 - INFO - [file_monitor.py:139] - File premium_photo-1675714692342-01dfd2e6b6b5 (1).jpeg is ready for processing:
Final Size: 0.32 MB
Total Checks: 4
Time Taken: 3.0 seconds
2025-03-09 23:47:30,648 - INFO - [file_monitor.py:266] - File ready for processing: C:\Users\aakas\Downloads\premium_photo-1675714692342-01dfd2e6b6b5 (1).jpeg
2025-03-09 23:47:30,649 - INFO - [file_monitor.py:204] - Starting to process file: premium_photo-1675714692342-01dfd2e6b6b5 (1).jpeg
2025-03-09 23:47:30,650 - INFO - [file_monitor.py:215] - Successfully verified file access: premium_photo-1675714692342-01dfd2e6b6b5 (1).jpeg
2025-03-09 23:47:30,651 - INFO - [file_monitor.py:221] - Generating checksum for: premium_photo-1675714692342-01dfd2e6b6b5 (1).jpeg
2025-03-09 23:47:30,657 - INFO - [file_monitor.py:231] - Duplicate file detected: C:\Users\aakas\Downloads\premium_photo-1675714692342-01dfd2e6b6b5 (1).jpeg
2025-03-09 23:47:35,064 - INFO - [file_monitor.py:296] - User chose to delete duplicate file: C:\Users\aakas\Downloads\premium_photo-1675714692342-01dfd2e6b6b5 (1).jpeg
2025-03-09 23:47:35,092 - INFO - [file_monitor.py:193] - Removed premium_photo-1675714692342-01dfd2e6b6b5 (1).jpeg from tracking
2025-03-09 23:47:35,093 - INFO - [file_monitor.py:254] - Completed processing for: premium_photo-1675714692342-01dfd2e6b6b5 (1).jpeg
2025-03-09 23:47:47,257 - INFO - [file_monitor.py:277] - New file detected: C:\Users\aakas\Downloads\5e39f823-b352-4281-83be-f0798a03dc11.tmp
2025-03-09 23:47:47,259 - INFO - [file_monitor.py:281] - Monitoring temporary file: C:\Users\aakas\Downloads\5e39f823-b352-4281-83be-f0798a03dc11.tmp
2025-03-09 23:48:35,107 - INFO - [file_monitor.py:277] - New file detected: C:\Users\aakas\Downloads\913de86e-9cdd-4208-bccd-920154b3da39.tmp
2025-03-09 23:48:35,108 - INFO - [file_monitor.py:281] - Monitoring temporary file: C:\Users\aakas\Downloads\913de86e-9cdd-4208-bccd-920154b3da39.tmp
2025-03-09 23:49:39,885 - INFO - [file_monitor.py:333] - File monitoring stopped by user
